<?xml version="1.0" encoding="UTF-8"?>
<testng-results ignored="0" total="1" passed="1" failed="0" skipped="0">
  <reporter-output>
  </reporter-output>
  <suite started-at="2022-12-20T21:32:22 IST" name="Default suite" finished-at="2022-12-20T21:32:54 IST" duration-ms="31902">
    <groups>
    </groups>
    <test started-at="2022-12-20T21:32:22 IST" name="Default test" finished-at="2022-12-20T21:32:54 IST" duration-ms="31902">
      <class name="com.inetbanking.TestCases.TC_LoginPageTest_001">
        <test-method is-config="true" signature="Setup()[pri:0, instance:com.inetbanking.TestCases.TC_LoginPageTest_001@7205765b]" started-at="2022-12-20T21:32:22 IST" name="Setup" finished-at="2022-12-20T21:32:32 IST" duration-ms="10203" status="PASS">
          <reporter-output>
          </reporter-output>
        </test-method> <!-- Setup -->
        <test-method signature="logintest()[pri:0, instance:com.inetbanking.TestCases.TC_LoginPageTest_001@7205765b]" started-at="2022-12-20T21:32:32 IST" name="logintest" finished-at="2022-12-20T21:32:52 IST" duration-ms="19974" status="PASS">
          <reporter-output>
          </reporter-output>
        </test-method> <!-- logintest -->
        <test-method is-config="true" signature="Teardown()[pri:0, instance:com.inetbanking.TestCases.TC_LoginPageTest_001@7205765b]" started-at="2022-12-20T21:32:52 IST" name="Teardown" finished-at="2022-12-20T21:32:54 IST" duration-ms="1526" status="PASS">
          <reporter-output>
          </reporter-output>
        </test-method> <!-- Teardown -->
      </class> <!-- com.inetbanking.TestCases.TC_LoginPageTest_001 -->
    </test> <!-- Default test -->
  </suite> <!-- Default suite -->
</testng-results>
